[00:06:08] [Server thread/INFO]: uncrid issued server command: /kill
[00:06:08] [Server thread/INFO]: uncrid was killed
[00:06:08] [Server thread/INFO]: [uncrid: Killed uncrid]
[00:07:43] [Server thread/INFO]: uncrid issued server command: /gamerule spawnRadius 0
[00:07:43] [Server thread/INFO]: [uncrid: Gamerule spawnRadius is now set to: 0]
[00:07:45] [Server thread/INFO]: uncrid issued server command: /kill
[00:07:45] [Server thread/INFO]: uncrid was killed
[00:07:45] [Server thread/INFO]: [uncrid: Killed uncrid]
[00:09:16] [Server thread/INFO]: uncrid issued server command: /setworldspawn
[00:09:16] [Server thread/INFO]: [uncrid: Set the world spawn point to -144, -58, -23 [0.0]]
[00:09:48] [Server thread/INFO]: uncrid issued server command: /gamerule commandBlockOutput false
[00:09:48] [Server thread/INFO]: [uncrid: Gamerule commandBlockOutput is now set to: false]
[00:10:15] [Server thread/INFO]: uncrid issued server command: /tps
[00:10:20] [Server thread/INFO]: uncrid lost connection: Disconnected
[00:10:20] [Server thread/INFO]: uncrid left the game
[00:10:30] [Server thread/INFO]: Stopping the server
[00:10:30] [Server thread/INFO]: Stopping server
[00:10:30] [Server thread/INFO]: [SkinsRestorer] Disabling SkinsRestorer v15.5.1
[00:10:30] [Server thread/INFO]: Saving players
[00:10:30] [Server thread/INFO]: Saving worlds
[00:10:30] [Server thread/INFO]: Saving chunks for level 'ServerLevel[world]'/minecraft:overworld
[00:10:30] [Server thread/INFO]: [ChunkHolderManager] Waiting 60s for chunk system to halt for world 'world'
[00:10:30] [Server thread/INFO]: [ChunkHolderManager] Halted chunk system for world 'world'
[00:10:30] [Server thread/INFO]: [ChunkHolderManager] Saving all chunkholders for world 'world'
[00:10:30] [Server thread/INFO]: [ChunkHolderManager] Saved 12 block chunks, 10 entity chunks, 0 poi chunks in world 'world' in 0.02s
[00:10:30] [Server thread/INFO]: Saving chunks for level 'ServerLevel[world_nether]'/minecraft:the_nether
[00:10:30] [Server thread/INFO]: [ChunkHolderManager] Waiting 60s for chunk system to halt for world 'world_nether'
[00:10:30] [Server thread/INFO]: [ChunkHolderManager] Halted chunk system for world 'world_nether'
[00:10:30] [Server thread/INFO]: [ChunkHolderManager] Saving all chunkholders for world 'world_nether'
[00:10:31] [Server thread/INFO]: [ChunkHolderManager] Saved 792 block chunks, 2 entity chunks, 0 poi chunks in world 'world_nether' in 0.23s
[00:10:31] [Server thread/INFO]: Saving chunks for level 'ServerLevel[world_the_end]'/minecraft:the_end
[00:10:31] [Server thread/INFO]: [ChunkHolderManager] Waiting 60s for chunk system to halt for world 'world_the_end'
[00:10:31] [Server thread/INFO]: [ChunkHolderManager] Halted chunk system for world 'world_the_end'
[00:10:31] [Server thread/INFO]: [ChunkHolderManager] Saving all chunkholders for world 'world_the_end'
[00:10:31] [Server thread/INFO]: [ChunkHolderManager] Saved 792 block chunks, 10 entity chunks, 0 poi chunks in world 'world_the_end' in 0.22s
[00:10:31] [Server thread/INFO]: ThreadedAnvilChunkStorage (world): All chunks are saved
[00:10:31] [Server thread/INFO]: ThreadedAnvilChunkStorage (DIM-1): All chunks are saved
[00:10:31] [Server thread/INFO]: ThreadedAnvilChunkStorage (DIM1): All chunks are saved
[00:10:31] [Server thread/INFO]: ThreadedAnvilChunkStorage: All dimensions are saved
